<!DOCTYPE html PUBLIC "-//W3C//DTD XHTML 1.1//EN" "https://www.w3.org/TR/xhtml11/DTD/xhtml11.dtd">
<html xmlns="https://www.w3.org/1999/xhtml">
<head>
<meta http-equiv="content-type" content="text/html; charset=UTF-8"/>
<title>TestNG Report</title>
<style type="text/css">table {margin-bottom:10px;border-collapse:collapse;empty-cells:show}th,td {border:1px solid #009;padding:.25em .5em}th {vertical-align:bottom}td {vertical-align:top}table a {font-weight:bold}.stripe td {background-color: #E6EBF9}.num {text-align:right}.passedodd td {background-color: #3F3}.passedeven td {background-color: #0A0}.skippedodd td {background-color: #DDD}.skippedeven td {background-color: #CCC}.failedodd td,.attn {background-color: #F33}.failedeven td,.stripe .attn {background-color: #D00}.stacktrace {white-space:pre;font-family:monospace}.totop {font-size:85%;text-align:center;border-bottom:2px solid #000}.invisible {display:none}</style>
</head>
<body>
<table>
<tr><th>Test</th><th># Passed</th><th># Skipped</th><th># Retried</th><th># Failed</th><th>Time (ms)</th><th>Included Groups</th><th>Excluded Groups</th></tr>
<tr><th colspan="8">Suite</th></tr>
<tr><td><a href="#t0">Test chrome</a></td><td class="num">0</td><td class="num">0</td><td class="num">0</td><td class="num attn">1</td><td class="num">19,288</td><td></td><td></td></tr>
<tr class="stripe"><td><a href="#t1">Test Edge</a></td><td class="num">0</td><td class="num">0</td><td class="num">0</td><td class="num attn">1</td><td class="num">22,493</td><td></td><td></td></tr>
<tr><td><a href="#t2">Test Safari</a></td><td class="num">0</td><td class="num attn">1</td><td class="num">0</td><td class="num">0</td><td class="num">24</td><td></td><td></td></tr>
<tr><th>Total</th><th class="num">0</th><th class="num attn">1</th><th class="num">0</th><th class="num attn">2</th><th class="num">41,805</th><th colspan="2"></th></tr>
</table>
<table id='summary'><thead><tr><th>Class</th><th>Method</th><th>Start</th><th>Time (ms)</th></tr></thead><tbody><tr><th colspan="4">Suite</th></tr></tbody><tbody id="t0"><tr><th colspan="4">Test chrome &#8212; failed</th></tr><tr class="failedeven"><td rowspan="1">TestCase.TestCollectionPage</td><td><a href="#m0">abc</a></td><td rowspan="1">1672303232230</td><td rowspan="1">9028</td></tr></tbody>
<tbody id="t1"><tr><th colspan="4">Test Edge &#8212; failed</th></tr><tr class="failedeven"><td rowspan="1">TestCase.TestCollectionPage</td><td><a href="#m1">abc</a></td><td rowspan="1">1672303249731</td><td rowspan="1">14097</td></tr></tbody>
<tbody id="t2"><tr><th colspan="4">Test Safari &#8212; failed (configuration methods)</th></tr><tr class="failedeven"><td rowspan="1">TestCase.TestCollectionPage</td><td><a href="#m2">setBrowser</a></td><td rowspan="1">1672303264345</td><td rowspan="1">4</td></tr><tr><th colspan="4">Test Safari &#8212; skipped (configuration methods)</th></tr><tr class="skippedeven"><td rowspan="2">TestCase.TestCollectionPage</td><td><a href="#m3">close</a></td><td rowspan="1">1672303264367</td><td rowspan="1">-1672303264367</td></tr><tr class="skippedeven"><td><a href="#m4">display2</a></td><td rowspan="1">1672303264398</td><td rowspan="1">-1672303264398</td></tr><tr><th colspan="4">Test Safari &#8212; skipped</th></tr><tr class="skippedeven"><td rowspan="1">TestCase.TestCollectionPage</td><td><a href="#m5">abc</a></td><td rowspan="1">1672303264362</td><td rowspan="1">0</td></tr></tbody>
</table>
<h2>Test chrome</h2><h3 id="m0">TestCase.TestCollectionPage#abc</h3><table class="result"><tr><th>Exception</th></tr><tr><td><div class="stacktrace">java.lang.AssertionError: failed to click on checkclickxlbtn expected [true] but found [false]
	at TestCase.TestCollectionPage.abc(TestCollectionPage.java:29)
	at java.base/java.util.ArrayList.forEach(ArrayList.java:1511)
... Removed 32 stack frames</div></td></tr></table><p class="totop"><a href="#summary">back to summary</a></p>
<h2>Test Edge</h2><h3 id="m1">TestCase.TestCollectionPage#abc</h3><table class="result"><tr><th>Exception</th></tr><tr><td><div class="stacktrace">java.lang.AssertionError: failed to click on checkclickxlbtn expected [true] but found [false]
	at TestCase.TestCollectionPage.abc(TestCollectionPage.java:29)
	at java.base/java.util.ArrayList.forEach(ArrayList.java:1511)
... Removed 32 stack frames</div></td></tr></table><p class="totop"><a href="#summary">back to summary</a></p>
<h2>Test Safari</h2><h3 id="m2">TestCase.TestCollectionPage#setBrowser</h3><table class="result"><tr class="param"><th>Parameter #1</th></tr><tr class="param stripe"><td>Safari</td></tr><tr><th>Exception</th></tr><tr><td><div class="stacktrace">org.openqa.selenium.WebDriverException: Unable to find driver executable: \usr\bin\safaridriver(SafariDriver requires Safari 10 running on OSX El Capitan or greater.)
Build info: version: &apos;4.7.2&apos;, revision: &apos;4d4020c3b7&apos;
System info: os.name: &apos;Windows 10&apos;, os.arch: &apos;amd64&apos;, os.version: &apos;10.0&apos;, java.version: &apos;17.0.5&apos;
Driver info: driver.version: SafariDriver
	at org.openqa.selenium.safari.SafariDriverService$Builder.findDefaultExecutable(SafariDriverService.java:116)
	at org.openqa.selenium.remote.service.DriverService$Builder.build(DriverService.java:456)
	at org.openqa.selenium.safari.SafariDriverService.createDefaultService(SafariDriverService.java:73)
	at org.openqa.selenium.safari.SafariDriver.&lt;init&gt;(SafariDriver.java:60)
	at org.openqa.selenium.safari.SafariDriver.&lt;init&gt;(SafariDriver.java:49)
	at Utility.BaseTest.setBrowser(BaseTest.java:60)
... Removed 24 stack frames</div></td></tr></table><p class="totop"><a href="#summary">back to summary</a></p>
<h3 id="m3">TestCase.TestCollectionPage#close</h3><table class="result"><tr><th class="invisible"/></tr></table><p class="totop"><a href="#summary">back to summary</a></p>
<h3 id="m4">TestCase.TestCollectionPage#display2</h3><table class="result"><tr><th class="invisible"/></tr></table><p class="totop"><a href="#summary">back to summary</a></p>
<h3 id="m5">TestCase.TestCollectionPage#abc</h3><table class="result"><tr><th>Exception</th></tr><tr><td><div class="stacktrace">org.openqa.selenium.WebDriverException: Unable to find driver executable: \usr\bin\safaridriver(SafariDriver requires Safari 10 running on OSX El Capitan or greater.)
Build info: version: &apos;4.7.2&apos;, revision: &apos;4d4020c3b7&apos;
System info: os.name: &apos;Windows 10&apos;, os.arch: &apos;amd64&apos;, os.version: &apos;10.0&apos;, java.version: &apos;17.0.5&apos;
Driver info: driver.version: SafariDriver
	at org.openqa.selenium.safari.SafariDriverService$Builder.findDefaultExecutable(SafariDriverService.java:116)
	at org.openqa.selenium.remote.service.DriverService$Builder.build(DriverService.java:456)
	at org.openqa.selenium.safari.SafariDriverService.createDefaultService(SafariDriverService.java:73)
	at org.openqa.selenium.safari.SafariDriver.&lt;init&gt;(SafariDriver.java:60)
	at org.openqa.selenium.safari.SafariDriver.&lt;init&gt;(SafariDriver.java:49)
	at Utility.BaseTest.setBrowser(BaseTest.java:60)
... Removed 24 stack frames</div></td></tr></table><p class="totop"><a href="#summary">back to summary</a></p>
</body>
</html>
